Thu Nov 17 03:46:06 EST 2016
$PROBLEM    //like/1341//but/diagonal omega//
$INPUT      C ID SEQ TIME TAD TAFD EVID CMT AMT SS II LDOS DV MDV BLQ
            LLOQ OBST IMPT AGE RACE SEX HGT WGT BILI AST ALT KETO TRAS
            CAPE TADG STUD RTE HV LEGA
$DATA      PUMA-PCS-101_ex3.csv IGNORE=(C=C,TADG=1)
$SUBROUTINE ADVAN4 TRANS4
$PK 
 DD = THETA(12)**TRAS * THETA(13)**CAPE * THETA(15)**KETO
 LV = (BILI/10)**THETA(10) * (LOG(ALT)/3)**THETA(11)
 CL = THETA(1)*EXP(ETA(1)) * (WGT/70) **THETA(4) * (AGE/53)**THETA(9) * LV * DD
 V2 = THETA(2)*EXP(ETA(2)) * (WGT/70) **THETA(5) * (AGE/53)**THETA(14)
 KA = THETA(3)*EXP(ETA(3)) * (AGE/53)**THETA(16)
 Q  = THETA(6)             * (WGT/70) **THETA(4)
 V3 = THETA(7)             * (WGT/70) **THETA(5)
 S2 =V2/1000
 ALAG1 = THETA(8)
 
$ERROR 
 Y=F*(1+ERR(1)) + ERR(2)
 IPRE=F

$THETA  (0,181) ; CL(L/h)
 (0,4520) ; V2 (L)
 (0,0.404) ; KA
 (0,0.253) ; WT on CL
 (0,0.562) ; WT on V
 (0,137) ; Q (L/h)
 (0,1010) ; V3 (L)
 (0,0.581) ; alag1
 1.07 ; age on CL
 -0.0781 ; bili
 0.0402 ; alt
 1.53 ; tras
 1.29 ; cap
 1.11 ; age on V
 0.938 ; keto
 1 ; age on Ka
;
$OMEGA  .1
 .1
 .1
;.01 .1
;.01 .01 .1
;.01 .01 .01 .1
;.01 .01 .01 .01 .1
$SIGMA  0.1
 0.1
$ESTIMATION MAXEVAL=9999 PRINT=5 NOABORT METHOD=1 INTER MSFO=./mod.msf
$COVARIANCE PRINT=E
$TABLE      NOPRINT FILE=mod.tab ONEHEADER ID AMT TIME EVID PRED IPRE
            CWRESI CIWRESI
$TABLE      NOPRINT FILE=mod_par.tab ONEHEADER ID TIME CL Q V2 V3 KA
            ETA1 ETA2 ETA3


NM-TRAN MESSAGES
  
 WARNINGS AND ERRORS (IF ANY) FOR PROBLEM    1
             
 (WARNING  2) NM-TRAN INFERS THAT THE DATA ARE POPULATION.

License Registered to: Pharsight Corporation (Certara)
Expiration Date:    14 MAR 2017
Current Date:       17 NOV 2016
Days until program expires : 122
1NONLINEAR MIXED EFFECTS MODEL PROGRAM (NONMEM) VERSION 7.3.0
 ORIGINALLY DEVELOPED BY STUART BEAL, LEWIS SHEINER, AND ALISON BOECKMANN
 CURRENT DEVELOPERS ARE ROBERT BAUER, ICON DEVELOPMENT SOLUTIONS,
 AND ALISON BOECKMANN. IMPLEMENTATION, EFFICIENCY, AND STANDARDIZATION
 PERFORMED BY NOUS INFOSYSTEMS.

 PROBLEM NO.:         1
 //like/1341//but/diagonal omega//
0DATA CHECKOUT RUN:              NO
 DATA SET LOCATED ON UNIT NO.:    2
 THIS UNIT TO BE REWOUND:        NO
 NO. OF DATA RECS IN DATA SET:    10191
 NO. OF DATA ITEMS IN DATA SET:  34
 ID DATA ITEM IS DATA ITEM NO.:   2
 DEP VARIABLE IS DATA ITEM NO.:  13
 MDV DATA ITEM IS DATA ITEM NO.: 14
0INDICES PASSED TO SUBROUTINE PRED:
   7   4   9   0  10  11   8   0   0   0   0
0LABELS FOR DATA ITEMS:
 C ID SEQ TIME TAD TAFD EVID CMT AMT SS II LDOS DV MDV BLQ LLOQ OBST IMPT AGE RACE SEX HGT WGT BILI AST ALT KETO TRAS CAPE
 TADG STUD RTE HV LEGA
0(NONBLANK) LABELS FOR PRED-DEFINED ITEMS:
 CL V2 KA Q V3 IPRE
0FORMAT FOR DATA:
 (3(9E8.0/),7E8.0)

 TOT. NO. OF OBS RECS:     7713
 TOT. NO. OF INDIVIDUALS:    596
0LENGTH OF THETA:  16
0DEFAULT THETA BOUNDARY TEST OMITTED:    NO
0OMEGA HAS SIMPLE DIAGONAL FORM WITH DIMENSION:   3
0DEFAULT OMEGA BOUNDARY TEST OMITTED:    NO
0SIGMA HAS SIMPLE DIAGONAL FORM WITH DIMENSION:   2
0DEFAULT SIGMA BOUNDARY TEST OMITTED:    NO
0INITIAL ESTIMATE OF THETA:
 LOWER BOUND    INITIAL EST    UPPER BOUND
  0.0000E+00     0.1810E+03     0.1000E+07
  0.0000E+00     0.4520E+04     0.1000E+07
  0.0000E+00     0.4040E+00     0.1000E+07
  0.0000E+00     0.2530E+00     0.1000E+07
  0.0000E+00     0.5620E+00     0.1000E+07
  0.0000E+00     0.1370E+03     0.1000E+07
  0.0000E+00     0.1010E+04     0.1000E+07
  0.0000E+00     0.5810E+00     0.1000E+07
 -0.1000E+07     0.1070E+01     0.1000E+07
 -0.1000E+07    -0.7810E-01     0.1000E+07
 -0.1000E+07     0.4020E-01     0.1000E+07
 -0.1000E+07     0.1530E+01     0.1000E+07
 -0.1000E+07     0.1290E+01     0.1000E+07
 -0.1000E+07     0.1110E+01     0.1000E+07
 -0.1000E+07     0.9380E+00     0.1000E+07
 -0.1000E+07     0.1000E+01     0.1000E+07
0INITIAL ESTIMATE OF OMEGA:
 0.1000E+00
 0.0000E+00   0.1000E+00
 0.0000E+00   0.0000E+00   0.1000E+00
0INITIAL ESTIMATE OF SIGMA:
 0.1000E+00
 0.0000E+00   0.1000E+00
0COVARIANCE STEP OMITTED:        NO
 EIGENVLS. PRINTED:             YES
 SPECIAL COMPUTATION:            NO
 COMPRESSED FORMAT:              NO
 SIGDIGITS ETAHAT (SIGLO):                  -1
 SIGDIGITS GRADIENTS (SIGL):                -1
 RELATIVE TOLERANCE (TOL):                  -1
 ABSOLUTE TOLERANCE-ADVAN 9,13 ONLY (ATOL): -1
 EXCLUDE COV FOR FOCE (NOFCOV):              NO
 RESUME COV ANALYSIS (RESUME):               NO
0TABLES STEP OMITTED:    NO
 NO. OF TABLES:           2
 SEED NUMBER (SEED):    11456
 RANMETHOD:
 MC SAMPLES (ESEED):    300
 WRES SQUARE ROOT TYPE:            EIGENVALUE
0-- TABLE   1 --
 PRINTED:                NO
 HEADERS:               ONE
 FILE TO BE FORWARDED:   NO
 FORMAT:                S1PE11.4
 LFORMAT:
 RFORMAT:
0USER-CHOSEN ITEMS:
 ID AMT TIME EVID IPRE CWRESI CIWRESI
0-- TABLE   2 --
 PRINTED:                NO
 HEADERS:               ONE
 FILE TO BE FORWARDED:   NO
 FORMAT:                S1PE11.4
 LFORMAT:
 RFORMAT:
0USER-CHOSEN ITEMS:
 ID TIME CL Q V2 V3 KA ETA1 ETA2 ETA3
1DOUBLE PRECISION PREDPP VERSION 7.3.0

 TWO COMPARTMENT MODEL WITH FIRST-ORDER ABSORPTION (ADVAN4)
0MAXIMUM NO. OF BASIC PK PARAMETERS:   5
0BASIC PK PARAMETERS (AFTER TRANSLATION):
   BASIC PK PARAMETER NO.  1: ELIMINATION RATE (K)
   BASIC PK PARAMETER NO.  2: CENTRAL-TO-PERIPH. RATE (K23)
   BASIC PK PARAMETER NO.  3: PERIPH.-TO-CENTRAL RATE (K32)
   BASIC PK PARAMETER NO.  5: ABSORPTION RATE (KA)
 TRANSLATOR WILL CONVERT PARAMETERS
 CL, V2, Q, V3 TO K, K23, K32 (TRANS4)
0COMPARTMENT ATTRIBUTES
 COMPT. NO.   FUNCTION   INITIAL    ON/OFF      DOSE      DEFAULT    DEFAULT
                         STATUS     ALLOWED    ALLOWED    FOR DOSE   FOR OBS.
    1         DEPOT        OFF        YES        YES        YES        NO
    2         CENTRAL      ON         NO         YES        NO         YES
    3         PERIPH.      ON         NO         YES        NO         NO
    4         OUTPUT       OFF        YES        NO         NO         NO
1
 ADDITIONAL PK PARAMETERS - ASSIGNMENT OF ROWS IN GG
 COMPT. NO.                             INDICES
              SCALE      BIOAVAIL.   ZERO-ORDER  ZERO-ORDER  ABSORB
                         FRACTION    RATE        DURATION    LAG
    1            *           *           *           *           7
    2            6           *           *           *           *
    3            *           *           *           *           *
    4            *           -           -           -           -
             - PARAMETER IS NOT ALLOWED FOR THIS MODEL
             * PARAMETER IS NOT SUPPLIED BY PK SUBROUTINE;
               WILL DEFAULT TO ONE IF APPLICABLE
0DATA ITEM INDICES USED BY PRED ARE:
   EVENT ID DATA ITEM IS DATA ITEM NO.:      7
   TIME DATA ITEM IS DATA ITEM NO.:          4
   DOSE AMOUNT DATA ITEM IS DATA ITEM NO.:   9
   STEADY STATE DATA ITEM IS DATA ITEM NO.: 10
   INTERVAL DATA ITEM IS DATA ITEM NO.:     11
   COMPT. NO. DATA ITEM IS DATA ITEM NO.:    8

0PK SUBROUTINE CALLED WITH EVERY EVENT RECORD.
 PK SUBROUTINE NOT CALLED AT NONEVENT (ADDITIONAL OR LAGGED) DOSE TIMES.
0ERROR SUBROUTINE CALLED WITH EVERY EVENT RECORD.
1
 
 
 #TBLN:      1
 #METH: First Order Conditional Estimation with Interaction
 
 ESTIMATION STEP OMITTED:                 NO  
 ANALYSIS TYPE:                           POPULATION
 CONDITIONAL ESTIMATES USED:              YES 
 CENTERED ETA:                            NO  
 EPS-ETA INTERACTION:                     YES 
 LAPLACIAN OBJ. FUNC.:                    NO  
 NO. OF FUNCT. EVALS. ALLOWED:            9999
 NO. OF SIG. FIGURES REQUIRED:            3
 INTERMEDIATE PRINTOUT:                   YES 
 ESTIMATE OUTPUT TO MSF:                  YES 
 ABORT WITH PRED EXIT CODE 1:             NO  
 IND. OBJ. FUNC. VALUES SORTED:           NO  
 NUMERICAL DERIVATIVE 
       FILE REQUEST (NUMDER):             NONE
 MAP (ETAHAT) ESTIMATION METHOD (OPTMAP): 0           
 ETA HESSIAN EVALUATION METHOD (ETADER):  0           
 INITIAL ETA FOR MAP ESTIMATION (MCETA):  0           
 SIGDIGITS FOR MAP ESTIMATION (SIGLO):    100         
 GRADIENT SIGDIGITS OF 
       FIXED EFFECTS PARAMETERS (SIGL):   100         
 EXCLUDE TITLE (NOTITLE):                 NO 
 EXCLUDE COLUMN LABELS (NOLABEL):         NO 
 NOPRIOR SETTING (NOPRIOR):               OFF
 NOCOV SETTING (NOCOV):                   OFF
 DERCONT SETTING (DERCONT):               OFF
 ABSOLUTE TOLERANCE-ADVAN 9,13 ONLY(ATOL):-100        
 FINAL ETA RE-EVALUATION (FNLETA):        ON 
 EXCLUDE NON-INFLUENTIAL (NON-INFL.) ETAS 
       IN SHRINKAGE (ETASTYPE):           NO 
 NON-INFL. ETA CORRECTION (NONINFETA):    OFF
 FORMAT FOR ADDITIONAL FILES (FORMAT):    S1PE12.5
 PARAMETER ORDER FOR OUTPUTS (ORDER):     TSOL
 ADDITIONAL CONVERGENCE TEST (CTYPE=4)?:  NO
 EM OR BAYESIAN METHOD USED:                NONE
 
 
 THE FOLLOWING LABELS ARE EQUIVALENT
 PRED=PREDI
 RES=RESI
 WRES=WRESI
 IWRS=IWRESI
 IPRD=IPREDI
 IRS=IRESI
 
 MONITORING OF SEARCH:

 
0ITERATION NO.:    0    OBJECTIVE VALUE:   55867.4283573691        NO. OF FUNC. EVALS.:  20
 CUMULATIVE NO. OF FUNC. EVALS.:       20
 NPARAMETR:  1.8100E+02  4.5200E+03  4.0400E-01  2.5300E-01  5.6200E-01  1.3700E+02  1.0100E+03  5.8100E-01  1.0700E+00 -7.8100E-02
             4.0200E-02  1.5300E+00  1.2900E+00  1.1100E+00  9.3800E-01  1.0000E+00  1.0000E-01  1.0000E-01  1.0000E-01  1.0000E-01
             1.0000E-01
 PARAMETER:  1.0000E-01  1.0000E-01  1.0000E-01  1.0000E-01  1.0000E-01  1.0000E-01  1.0000E-01  1.0000E-01  1.0000E-01 -1.0000E-01
             1.0000E-01  1.0000E-01  1.0000E-01  1.0000E-01  1.0000E-01  1.0000E-01  1.0000E-01  1.0000E-01  1.0000E-01  1.0000E-01
             1.0000E-01
 GRADIENT:  -1.4831E+03  1.2886E+03 -3.9039E+02 -5.0751E+01  6.0126E+01  7.9060E+02  2.5782E+02 -3.2693E+02  1.6303E+04  1.0726E+02
            -4.5698E+01  2.4016E+02  1.9125E+03 -3.6050E+03  1.1116E+04  1.7164E+03 -2.9238E+03 -1.3837E+03 -3.1581E+02 -4.4784E+03
            -7.6999E+03
 
0ITERATION NO.:    5    OBJECTIVE VALUE:   50986.5680873056        NO. OF FUNC. EVALS.:  21
 CUMULATIVE NO. OF FUNC. EVALS.:      130
 NPARAMETR:  1.8682E+02  4.0703E+03  4.1578E-01  2.5344E-01  5.6101E-01  1.2433E+02  1.0721E+03  6.0002E-01  8.8527E-01 -5.7897E-02
             4.0298E-02  8.9681E-01  1.9857E+00  1.4166E+00  2.2434E-01  6.8053E-01  1.0214E-01  1.4467E-01  1.1012E-01  1.3106E-01
             6.8343E-01
 PARAMETER:  1.3164E-01 -4.7899E-03  1.2874E-01  1.0172E-01  9.8237E-02  2.9506E-03  1.5970E-01  1.3222E-01  8.2735E-02 -7.4132E-02
             1.0024E-01  5.8615E-02  1.5393E-01  1.2762E-01  2.3917E-02  6.8053E-02  1.1058E-01  2.8465E-01  1.4821E-01  2.3526E-01
             1.0610E+00
 GRADIENT:  -1.3065E+03 -8.9476E+01  3.1366E+02 -7.6132E+01 -8.3416E+00  3.5187E+02 -8.6641E+01 -1.6057E+02  1.5611E+04  1.7218E+02
            -1.2110E+01  6.7307E+01  3.8609E+03  2.3277E+03  2.6856E+03 -2.7389E+03 -2.2621E+03 -7.2675E+02 -2.7690E+02  6.9803E+02
            -1.0588E+03
 
0ITERATION NO.:   10    OBJECTIVE VALUE:   50091.9250796013        NO. OF FUNC. EVALS.:  21
 CUMULATIVE NO. OF FUNC. EVALS.:      239
 NPARAMETR:  1.8810E+02  4.3937E+03  3.9075E-01  2.7354E-01  5.5560E-01  5.4864E+01  2.0637E+03  6.7391E-01  6.3860E-01 -9.6274E-03
             2.6071E-02  6.8884E-01  2.0676E+00  1.2572E+00  1.3419E-01  9.7035E-01  1.0381E-01  1.1079E+00  6.6894E-01  1.0108E-01
             6.9612E-01
 PARAMETER:  1.3847E-01  7.1653E-02  6.6653E-02  1.7806E-01  8.8554E-02 -8.1512E-01  8.1454E-01  2.4835E-01  5.9683E-02 -1.2327E-02
             6.4854E-02  4.5022E-02  1.6028E-01  1.1326E-01  1.4306E-02  9.7035E-02  1.1867E-01  1.3025E+00  1.0503E+00  1.0535E-01
             1.0702E+00
 GRADIENT:  -7.5993E+02 -2.7021E+01  1.6911E+01 -6.6507E+01 -1.4214E+00  1.3900E+00 -7.3199E+00 -2.9549E+02  1.0908E+04  2.2006E+02
            -6.1968E+00 -2.4241E+02  3.7627E+03 -4.7083E+00 -3.1413E+03 -1.5353E+02 -1.7443E+03  3.2846E+02 -1.0887E+02 -6.5052E+02
            -1.0178E+03
 
0ITERATION NO.:   15    OBJECTIVE VALUE:   50041.9223228862        NO. OF FUNC. EVALS.:  21
 CUMULATIVE NO. OF FUNC. EVALS.:      348
 NPARAMETR:  1.8693E+02  4.1817E+03  3.8335E-01  4.1138E-01  5.1630E-01  5.1521E+01  2.2873E+03  6.8507E-01  3.5803E-01 -2.0313E-02
            -2.6793E-02  7.3314E-01  2.0698E+00  1.3138E+00  1.2228E-01  1.0235E+00  7.6058E-02  8.6359E-01  1.2590E+00  1.0189E-01
             7.1405E-01
 PARAMETER:  1.3225E-01  2.2198E-02  4.7546E-02  5.8612E-01  1.5195E-02 -8.7799E-01  9.1740E-01  2.6478E-01  3.3461E-02 -2.6008E-02
            -6.6650E-02  4.7918E-02  1.6045E-01  1.1836E-01  1.3036E-02  1.0235E-01 -3.6836E-02  1.1780E+00  1.3665E+00  1.0937E-01
             1.0829E+00
 GRADIENT:  -3.3798E+02 -2.9228E+01  2.6191E+01 -7.4465E+01 -1.3900E+00 -4.7229E+01  2.4635E+01 -3.9518E+02  8.5659E+03  1.2682E+02
            -1.0356E+01 -1.7873E+02  4.7794E+03  4.9565E+01 -4.9824E+03 -7.4813E+01 -1.8343E+03  1.9861E+02  1.4117E+02 -6.6548E+02
            -9.9199E+02
 
0ITERATION NO.:   20    OBJECTIVE VALUE:   49941.7057987457        NO. OF FUNC. EVALS.:  22
 CUMULATIVE NO. OF FUNC. EVALS.:      457
 NPARAMETR:  1.8820E+02  4.2767E+03  2.7429E-01  5.3474E-01  8.9776E-02  5.3529E+01  2.2445E+03  6.7596E-01  3.1344E-01  8.3578E-03
            -6.1220E-01  8.4121E-01  2.0194E+00  1.1992E+00  1.4140E-01  5.5758E-01  8.4653E-02  7.3563E-01  1.0674E+00  1.0057E-01
             7.8003E-01
 PARAMETER:  1.3900E-01  4.4672E-02 -2.8724E-01  8.4838E-01 -1.7342E+00 -8.3976E-01  8.9855E-01  2.5138E-01  2.9294E-02  1.0701E-02
            -1.5229E+00  5.4981E-02  1.5654E-01  1.0804E-01  1.5074E-02  5.5758E-02  1.6694E-02  1.0978E+00  1.2839E+00  1.0287E-01
             1.1271E+00
 GRADIENT:  -4.0615E+02  8.2380E+01 -1.1101E+02 -5.7764E+01 -1.9278E+00  1.7871E+01  6.3944E+01 -2.9660E+02  6.8868E+03  1.8084E+02
            -9.5053E+01 -7.3425E+01  4.1992E+03 -1.5505E+01 -4.6346E+02 -5.0655E+01 -1.6769E+03  1.4457E+02  2.4538E+01 -8.5220E+02
            -8.9380E+02
 
0ITERATION NO.:   25    OBJECTIVE VALUE:   48994.5486569444        NO. OF FUNC. EVALS.:  21
 CUMULATIVE NO. OF FUNC. EVALS.:      566
 NPARAMETR:  1.8953E+02  4.5139E+03  3.5840E-01  4.0534E-01  8.5801E-01  5.6037E+01  1.4309E+03  7.1941E-01 -8.9935E-02 -3.2202E-02
             5.1260E-02  9.7686E-01  1.0290E+00  1.6153E+00  1.6966E-01  9.9822E-01  2.1104E-01  5.6748E-01  7.6071E-01  1.0385E-01
             2.0238E+00
 PARAMETER:  1.4605E-01  9.8647E-02 -1.9754E-02  5.7133E-01  5.2312E-01 -7.9397E-01  4.4836E-01  3.1368E-01 -8.4051E-03 -4.1232E-02
             1.2751E-01  6.3847E-02  7.9770E-02  1.4552E-01  1.8087E-02  9.9822E-02  4.7344E-01  9.6802E-01  1.1145E+00  1.1890E-01
             1.6038E+00
 GRADIENT:  -7.3422E+01  5.6566E+01  1.8727E+01  3.2420E+00  2.6769E+01  4.4114E+01  5.5903E+00 -3.8944E+01  4.0653E+02 -1.0836E+01
            -1.5008E+00  4.3933E+01  1.6522E+02  4.8323E+01  4.9285E+02 -3.1892E+02  9.8326E+01 -3.6668E+01  1.0333E+01 -1.2914E+02
            -1.5376E+02
 
0ITERATION NO.:   30    OBJECTIVE VALUE:   48963.0981045710        NO. OF FUNC. EVALS.:  21
 CUMULATIVE NO. OF FUNC. EVALS.:      671
 NPARAMETR:  1.9273E+02  4.3467E+03  3.7372E-01  3.7232E-01  5.0939E-01  5.1884E+01  1.4359E+03  7.2596E-01 -1.3912E-01 -1.3436E-02
             4.6717E-02  8.4532E-01  1.0003E+00  1.6322E+00  1.7148E-01  1.3040E+00  1.9264E-01  5.8310E-01  7.3229E-01  1.0433E-01
             2.6534E+00
 PARAMETER:  1.6280E-01  6.0912E-02  2.2098E-02  4.8636E-01  1.7177E-03 -8.7097E-01  4.5185E-01  3.2274E-01 -1.3002E-02 -1.7204E-02
             1.1621E-01  5.5250E-02  7.7544E-02  1.4704E-01  1.8282E-02  1.3040E-01  4.2783E-01  9.8160E-01  1.0955E+00  1.2120E-01
             1.7392E+00
 GRADIENT:   1.4638E+01  5.8349E-01  1.2760E+00 -7.0620E-04  1.6583E+00 -5.8038E+00 -5.4900E-01  5.5665E+00 -5.7513E+01 -2.8629E+00
            -8.2634E-01 -4.7605E+00  1.3282E+02  5.8334E+01  8.0268E+01 -3.5687E+01  1.3923E+01 -6.5094E+00  8.0540E-01  3.8560E+00
            -8.2288E+00
 
0ITERATION NO.:   35    OBJECTIVE VALUE:   48961.9396802444        NO. OF FUNC. EVALS.:  41
 CUMULATIVE NO. OF FUNC. EVALS.:      817
 NPARAMETR:  1.9361E+02  4.3928E+03  3.8668E-01  3.6901E-01  4.6366E-01  5.2158E+01  1.4546E+03  7.2576E-01 -1.1547E-01 -1.0574E-02
             5.1413E-02  8.5142E-01  9.8875E-01  1.6415E+00  1.7125E-01  1.3873E+00  1.8996E-01  5.9430E-01  7.1844E-01  1.0433E-01
             2.7127E+00
 PARAMETER:  1.6737E-01  7.1463E-02  5.6193E-02  4.7745E-01 -9.2341E-02 -8.6571E-01  4.6476E-01  3.2247E-01 -1.0792E-02 -1.3539E-02
             1.2789E-01  5.5648E-02  7.6647E-02  1.4788E-01  1.8257E-02  1.3873E-01  4.2081E-01  9.9111E-01  1.0860E+00  1.2119E-01
             1.7503E+00
 GRADIENT:  -8.3798E+00 -2.3654E+00  2.2037E+00 -8.0819E-01  2.8774E-01 -3.0302E-01  2.7707E+00 -5.9399E+00 -6.1219E+01 -4.8424E-02
            -5.9861E-01 -1.2168E+01 -1.8157E-01 -2.2703E+01 -1.9428E+01 -3.2548E+01 -5.8031E-01  1.7342E+00 -5.2356E-02  2.3899E-01
             3.5107E+00
 
0ITERATION NO.:   40    OBJECTIVE VALUE:   48961.7445448969        NO. OF FUNC. EVALS.:  39
 CUMULATIVE NO. OF FUNC. EVALS.:     1012
 NPARAMETR:  1.9460E+02  4.4323E+03  3.9114E-01  3.8106E-01  4.6274E-01  5.1994E+01  1.4391E+03  7.2695E-01 -1.0177E-01 -8.0654E-03
             5.5606E-02  8.8110E-01  9.8596E-01  1.6662E+00  1.7209E-01  1.4221E+00  1.9004E-01  5.9467E-01  7.1705E-01  1.0434E-01
             2.6957E+00
 PARAMETER:  1.7244E-01  8.0417E-02  6.7656E-02  5.0957E-01 -9.4334E-02 -8.6884E-01  4.5405E-01  3.2411E-01 -9.5111E-03 -1.0327E-02
             1.3832E-01  5.7588E-02  7.6431E-02  1.5011E-01  1.8347E-02  1.4221E-01  4.2103E-01  9.9142E-01  1.0850E+00  1.2126E-01
             1.7471E+00
 GRADIENT:   1.9561E-01 -1.2169E-01 -4.6366E-02  4.9906E-02  2.3976E-02  2.6710E-02 -6.5152E-02 -1.4408E-01 -5.7701E-01 -4.6415E-02
            -1.6181E-02 -3.8886E-01 -1.1024E+00 -1.7632E-01 -5.7270E+00 -2.6818E-01 -2.2873E-01  9.4901E-02  6.7350E-03  4.0285E-01
             2.0639E-02
 
0ITERATION NO.:   45    OBJECTIVE VALUE:   48961.7443813888        NO. OF FUNC. EVALS.:  40
 CUMULATIVE NO. OF FUNC. EVALS.:     1226
 NPARAMETR:  1.9459E+02  4.4335E+03  3.9133E-01  3.8053E-01  4.6222E-01  5.1984E+01  1.4393E+03  7.2699E-01 -1.0183E-01 -8.0427E-03
             5.5941E-02  8.8230E-01  9.8613E-01  1.6667E+00  1.7212E-01  1.4229E+00  1.9009E-01  5.9466E-01  7.1699E-01  1.0434E-01
             2.6956E+00
 PARAMETER:  1.7238E-01  8.0677E-02  6.8143E-02  5.0817E-01 -9.5452E-02 -8.6904E-01  4.5420E-01  3.2417E-01 -9.5166E-03 -1.0298E-02
             1.3916E-01  5.7666E-02  7.6445E-02  1.5015E-01  1.8350E-02  1.4229E-01  4.2116E-01  9.9141E-01  1.0849E+00  1.2124E-01
             1.7471E+00
 GRADIENT:   1.4891E-02 -4.4391E-02  4.2750E-02 -2.8861E-03  7.7676E-03 -2.2511E-02 -1.2013E-02 -2.6328E-02 -1.2708E-01 -2.8803E-03
             1.8122E-03  1.5305E-02  1.0966E-01  1.5910E-01 -6.7330E-01 -5.9873E-02  3.4731E-03  9.9449E-03  1.1864E-03  2.2238E-02
            -2.7286E-03
 
0ITERATION NO.:   50    OBJECTIVE VALUE:   48961.7443755564        NO. OF FUNC. EVALS.:  41
 CUMULATIVE NO. OF FUNC. EVALS.:     1451
 NPARAMETR:  1.9459E+02  4.4336E+03  3.9131E-01  3.8055E-01  4.6192E-01  5.1986E+01  1.4393E+03  7.2699E-01 -1.0181E-01 -8.0450E-03
             5.5923E-02  8.8225E-01  9.8612E-01  1.6666E+00  1.7212E-01  1.4228E+00  1.9009E-01  5.9465E-01  7.1699E-01  1.0434E-01
             2.6956E+00
 PARAMETER:  1.7238E-01  8.0696E-02  6.8096E-02  5.0824E-01 -9.6101E-02 -8.6900E-01  4.5424E-01  3.2417E-01 -9.5150E-03 -1.0301E-02
             1.3911E-01  5.7664E-02  7.6443E-02  1.5015E-01  1.8350E-02  1.4228E-01  4.2116E-01  9.9140E-01  1.0849E+00  1.2124E-01
             1.7471E+00
 GRADIENT:  -5.4939E-03  5.8995E-03  2.3082E-03  2.3980E-04 -9.9448E-04 -1.1975E-03 -2.2869E-03  8.3877E-03 -1.7948E-03 -2.5429E-05
             7.2547E-04  4.1873E-05  2.2404E-03  4.1770E-02  4.1497E-02  2.8355E-02 -7.8314E-04 -2.7105E-04  4.3171E-06 -4.1795E-03
            -1.6152E-04
 
0ITERATION NO.:   52    OBJECTIVE VALUE:   48961.7443750937        NO. OF FUNC. EVALS.:  44
 CUMULATIVE NO. OF FUNC. EVALS.:     1534
 NPARAMETR:  1.9459E+02  4.4336E+03  3.9131E-01  3.8055E-01  4.6206E-01  5.1986E+01  1.4393E+03  7.2699E-01 -1.0181E-01 -8.0450E-03
             5.5915E-02  8.8225E-01  9.8612E-01  1.6666E+00  1.7212E-01  1.4228E+00  1.9009E-01  5.9465E-01  7.1699E-01  1.0434E-01
             2.6956E+00
 PARAMETER:  1.7238E-01  8.0695E-02  6.8095E-02  5.0824E-01 -9.5799E-02 -8.6900E-01  4.5424E-01  3.2416E-01 -9.5150E-03 -1.0301E-02
             1.3909E-01  5.7664E-02  7.6443E-02  1.5014E-01  1.8350E-02  1.4228E-01  4.2116E-01  9.9140E-01  1.0849E+00  1.2124E-01
             1.7471E+00
 GRADIENT:  -4.5497E-03  7.0248E-03  4.6889E-03  1.6621E-03  8.3093E-03  5.7084E-04  2.1240E-03  4.3215E-03  1.1212E-01  3.8010E-03
             1.6630E-03 -1.9422E-03 -8.1468E-03  4.6547E-02 -2.6791E-01 -1.2068E-02 -1.0616E-03  1.6333E-04 -1.5247E-04 -5.8636E-03
             6.6765E-05
 
 #TERM:
0MINIMIZATION SUCCESSFUL
 HOWEVER, PROBLEMS OCCURRED WITH THE MINIMIZATION.
 REGARD THE RESULTS OF THE ESTIMATION STEP CAREFULLY, AND ACCEPT THEM ONLY
 AFTER CHECKING THAT THE COVARIANCE STEP PRODUCES REASONABLE OUTPUT.
 NO. OF FUNCTION EVALUATIONS USED:     1534
 NO. OF SIG. DIGITS IN FINAL EST.:  3.4

 ETABAR IS THE ARITHMETIC MEAN OF THE ETA-ESTIMATES,
 AND THE P-VALUE IS GIVEN FOR THE NULL HYPOTHESIS THAT THE TRUE MEAN IS 0.
 
 ETABAR:        -3.0561E-03 -5.9894E-02  8.9836E-03
 SE:             1.6945E-02  2.4555E-02  2.4278E-02
 N:                     592         592         592
 
 P VAL.:         8.5688E-01  1.4721E-02  7.1136E-01
 
 ETAshrink(%):   5.3562E+00  2.2458E+01  3.0179E+01
 EBVshrink(%):   5.2590E+00  2.0979E+01  2.9142E+01
 EPSshrink(%):   7.5322E+00  6.5530E+00
 
 #TERE:
 Elapsed estimation time in seconds:   299.92
 Elapsed covariance time in seconds:   561.00
1
 
 
 
 
 
 
 
 
 
 
 
 
 
 
 
 
 
 
 
 
 ************************************************************************************************************************
 ********************                                                                                ********************
 ********************               FIRST ORDER CONDITIONAL ESTIMATION WITH INTERACTION              ********************
 #OBJT:**************                       MINIMUM VALUE OF OBJECTIVE FUNCTION                      ********************
 ********************                                                                                ********************
 ************************************************************************************************************************
 





 #OBJV:********************************************    48961.744       **************************************************
1
 ************************************************************************************************************************
 ********************                                                                                ********************
 ********************               FIRST ORDER CONDITIONAL ESTIMATION WITH INTERACTION              ********************
 ********************                             FINAL PARAMETER ESTIMATE                           ********************
 ********************                                                                                ********************
 ************************************************************************************************************************
 


 THETA - VECTOR OF FIXED EFFECTS PARAMETERS   *********


         TH 1      TH 2      TH 3      TH 4      TH 5      TH 6      TH 7      TH 8      TH 9      TH10      TH11      TH12     
          TH13      TH14      TH15      TH16     
 
         1.95E+02  4.43E+03  3.91E-01  3.81E-01  4.62E-01  5.20E+01  1.44E+03  7.27E-01 -1.02E-01 -8.05E-03  5.59E-02  8.82E-01
          9.86E-01  1.67E+00  1.72E-01  1.42E+00
 


 OMEGA - COV MATRIX FOR RANDOM EFFECTS - ETAS  ********


            ETA1      ETA2      ETA3   
 
 ETA1
+        1.90E-01
 
 ETA2
+        0.00E+00  5.95E-01
 
 ETA3
+        0.00E+00  0.00E+00  7.17E-01
 


 SIGMA - COV MATRIX FOR RANDOM EFFECTS - EPSILONS  ****


            EPS1      EPS2   
 
 EPS1
+        1.04E-01
 
 EPS2
+        0.00E+00  2.70E+00
 
1


 OMEGA - CORR MATRIX FOR RANDOM EFFECTS - ETAS  *******


            ETA1      ETA2      ETA3   
 
 ETA1
+        4.36E-01
 
 ETA2
+        0.00E+00  7.71E-01
 
 ETA3
+        0.00E+00  0.00E+00  8.47E-01
 


 SIGMA - CORR MATRIX FOR RANDOM EFFECTS - EPSILONS  ***


            EPS1      EPS2   
 
 EPS1
+        3.23E-01
 
 EPS2
+        0.00E+00  1.64E+00
 
1
 ************************************************************************************************************************
 ********************                                                                                ********************
 ********************               FIRST ORDER CONDITIONAL ESTIMATION WITH INTERACTION              ********************
 ********************                            STANDARD ERROR OF ESTIMATE                          ********************
 ********************                                                                                ********************
 ************************************************************************************************************************
 


 THETA - VECTOR OF FIXED EFFECTS PARAMETERS   *********


         TH 1      TH 2      TH 3      TH 4      TH 5      TH 6      TH 7      TH 8      TH 9      TH10      TH11      TH12     
          TH13      TH14      TH15      TH16     
 
         5.42E+00  3.33E+02  4.57E-02  1.03E-01  9.22E-02  5.01E+00  1.62E+02  2.21E-02  5.74E-02  3.89E-02  5.73E-02  3.18E-01
          6.98E-02  1.41E-01  2.07E-02  1.67E-01
 


 OMEGA - COV MATRIX FOR RANDOM EFFECTS - ETAS  ********


            ETA1      ETA2      ETA3   
 
 ETA1
+        1.31E-02
 
 ETA2
+       .........  7.46E-02
 
 ETA3
+       ......... .........  1.05E-01
 


 SIGMA - COV MATRIX FOR RANDOM EFFECTS - EPSILONS  ****


            EPS1      EPS2   
 
 EPS1
+        4.50E-03
 
 EPS2
+       .........  1.02E+00
 
1


 OMEGA - CORR MATRIX FOR RANDOM EFFECTS - ETAS  *******


            ETA1      ETA2      ETA3   
 
 ETA1
+        1.50E-02
 
 ETA2
+       .........  4.84E-02
 
 ETA3
+       ......... .........  6.20E-02
 


 SIGMA - CORR MATRIX FOR RANDOM EFFECTS - EPSILONS  ***


            EPS1      EPS2   
 
 EPS1
+        6.97E-03
 
 EPS2
+       .........  3.12E-01
 
1
 ************************************************************************************************************************
 ********************                                                                                ********************
 ********************               FIRST ORDER CONDITIONAL ESTIMATION WITH INTERACTION              ********************
 ********************                          COVARIANCE MATRIX OF ESTIMATE                         ********************
 ********************                                                                                ********************
 ************************************************************************************************************************
 

            TH 1      TH 2      TH 3      TH 4      TH 5      TH 6      TH 7      TH 8      TH 9      TH10      TH11      TH12  
             TH13      TH14      TH15      TH16      OM11      OM12      OM13      OM22      OM23      OM33      SG11      SG12  
            SG22  
 
 TH 1
+        2.94E+01
 
 TH 2
+        7.19E+02  1.11E+05
 
 TH 3
+        4.73E-02  1.22E+01  2.09E-03
 
 TH 4
+       -3.19E-02 -1.28E+01 -2.17E-03  1.05E-02
 
 TH 5
+       -1.33E-01 -2.50E+01 -3.79E-03  5.11E-03  8.49E-03
 
 TH 6
+       -7.08E-01 -3.89E+02 -3.24E-02 -7.64E-03  4.60E-02  2.51E+01
 
 TH 7
+       -1.55E+01  3.47E+03 -7.23E-02 -3.08E-01  1.46E+00 -2.54E+02  2.63E+04
 
 TH 8
+        6.17E-03  7.93E-01  1.30E-04 -1.26E-04 -2.30E-04 -2.96E-02  7.44E-01  4.88E-04
 
 TH 9
+        1.84E-01  5.06E+00  2.77E-04  7.03E-04 -5.81E-04 -4.56E-02  4.50E-01  8.09E-05  3.29E-03
 
 TH10
+        6.52E-02 -2.68E-01 -8.09E-05  6.65E-04 -8.44E-05 -1.65E-04 -5.09E-02 -2.37E-05  4.31E-05  1.51E-03
 
 TH11
+       -7.32E-02 -8.76E+00 -1.30E-03  3.64E-04  3.26E-03  1.08E-02  5.57E-01 -7.49E-05 -4.75E-04 -3.81E-04  3.28E-03
 
 TH12
+        4.53E-02  4.81E+00 -8.07E-05  3.14E-04 -5.74E-04 -1.67E-02  7.30E-01 -7.26E-06 -4.83E-04  2.67E-03 -7.39E-04  1.01E-01
 
 TH13
+       -1.30E-01 -1.15E+00 -2.26E-04  8.76E-04  6.40E-04  5.37E-03  1.41E-01 -2.58E-05 -7.85E-04 -1.54E-04  4.71E-04  1.10E-04
          4.87E-03
 
 TH14
+        2.12E-01  3.26E+01  3.22E-03 -2.86E-03 -6.30E-03 -3.18E-01  2.79E+00  3.80E-04  2.92E-03 -1.34E-05 -2.22E-03  1.18E-03
         -4.60E-04  2.00E-02
 
 TH15
+       -4.50E-03  1.23E+00  2.42E-04 -3.00E-04 -5.68E-04  1.94E-02 -1.96E+00 -5.58E-05  3.02E-05 -5.92E-05 -1.41E-04 -1.33E-04
          1.61E-06  1.34E-04  4.27E-04
 
 TH16
+        1.47E-01  4.01E+01  6.86E-03 -6.86E-03 -1.21E-02 -2.29E-01  1.53E+00  4.87E-04  9.15E-04 -3.09E-04 -4.12E-03 -2.76E-04
         -8.66E-04  1.49E-02  5.73E-04  2.80E-02
 
 OM11
+        1.82E-02  6.66E-01  4.30E-05 -2.04E-04 -1.03E-04 -8.68E-03  9.42E-02  2.37E-05  7.38E-05  4.95E-05  2.74E-05  9.24E-05
         -1.19E-04  2.34E-04 -1.18E-05  1.68E-04  1.70E-04
 
 OM12
+       ......... ......... ......... ......... ......... ......... ......... ......... ......... ......... ......... .........
         ......... ......... ......... ......... ......... .........
 
 OM13
+       ......... ......... ......... ......... ......... ......... ......... ......... ......... ......... ......... .........
         ......... ......... ......... ......... ......... ......... .........
 
1

            TH 1      TH 2      TH 3      TH 4      TH 5      TH 6      TH 7      TH 8      TH 9      TH10      TH11      TH12  
             TH13      TH14      TH15      TH16      OM11      OM12      OM13      OM22      OM23      OM33      SG11      SG12  
            SG22  
 
 OM22
+        5.16E-02  1.20E+00 -5.52E-04  2.53E-04  7.83E-04 -1.51E-01  4.56E+00  4.53E-04  3.59E-04  8.88E-06  2.49E-04  1.55E-03
          1.95E-04  2.20E-03 -7.69E-04 -7.22E-04  1.86E-04 ......... .........  5.57E-03
 
 OM23
+       ......... ......... ......... ......... ......... ......... ......... ......... ......... ......... ......... .........
         ......... ......... ......... ......... ......... ......... ......... ......... .........
 
 OM33
+        2.41E-02 -6.69E+00 -1.16E-03  8.21E-04  2.31E-03 -1.88E-01  5.11E+00  9.60E-04  2.33E-04  6.60E-05  7.28E-04  7.59E-04
          2.97E-05 -2.04E-03 -8.31E-04 -4.31E-03  1.98E-04 ......... .........  4.02E-03 .........  1.10E-02
 
 SG11
+       -2.09E-04 -1.19E-01 -2.08E-05 -7.75E-06  4.37E-05  6.72E-03 -1.08E-01 -1.52E-05  6.35E-06 -7.11E-06  1.30E-05  3.64E-05
          1.27E-05 -8.26E-05  1.49E-05 -1.29E-04 -2.98E-06 ......... ......... -3.00E-05 ......... -4.33E-05  2.03E-05
 
 SG12
+       ......... ......... ......... ......... ......... ......... ......... ......... ......... ......... ......... .........
         ......... ......... ......... ......... ......... ......... ......... ......... ......... ......... ......... .........
 
 SG22
+        3.79E-01  2.96E+01  3.68E-03 -2.72E-03 -1.43E-02 -1.40E+00 -4.17E+01 -8.13E-04 -5.17E-03  9.27E-04 -3.49E-03  2.99E-03
         -1.98E-03  9.84E-03  9.63E-04  1.15E-02  1.56E-03 ......... .........  6.26E-03 ......... -2.80E-03 -7.22E-04 .........
         1.05E+00
 
1
 ************************************************************************************************************************
 ********************                                                                                ********************
 ********************               FIRST ORDER CONDITIONAL ESTIMATION WITH INTERACTION              ********************
 ********************                          CORRELATION MATRIX OF ESTIMATE                        ********************
 ********************                                                                                ********************
 ************************************************************************************************************************
 

            TH 1      TH 2      TH 3      TH 4      TH 5      TH 6      TH 7      TH 8      TH 9      TH10      TH11      TH12  
             TH13      TH14      TH15      TH16      OM11      OM12      OM13      OM22      OM23      OM33      SG11      SG12  
            SG22  
 
 TH 1
+        5.42E+00
 
 TH 2
+        3.99E-01  3.33E+02
 
 TH 3
+        1.91E-01  8.01E-01  4.57E-02
 
 TH 4
+       -5.72E-02 -3.76E-01 -4.63E-01  1.03E-01
 
 TH 5
+       -2.66E-01 -8.15E-01 -9.00E-01  5.40E-01  9.22E-02
 
 TH 6
+       -2.60E-02 -2.33E-01 -1.41E-01 -1.48E-02  9.96E-02  5.01E+00
 
 TH 7
+       -1.77E-02  6.44E-02 -9.77E-03 -1.85E-02  9.77E-02 -3.13E-01  1.62E+02
 
 TH 8
+        5.15E-02  1.08E-01  1.29E-01 -5.56E-02 -1.13E-01 -2.67E-01  2.08E-01  2.21E-02
 
 TH 9
+        5.93E-01  2.65E-01  1.06E-01  1.19E-01 -1.10E-01 -1.59E-01  4.84E-02  6.38E-02  5.74E-02
 
 TH10
+        3.09E-01 -2.07E-02 -4.55E-02  1.67E-01 -2.35E-02 -8.48E-04 -8.08E-03 -2.76E-02  1.93E-02  3.89E-02
 
 TH11
+       -2.36E-01 -4.60E-01 -4.98E-01  6.19E-02  6.17E-01  3.77E-02  6.00E-02 -5.91E-02 -1.44E-01 -1.71E-01  5.73E-02
 
 TH12
+        2.63E-02  4.54E-02 -5.55E-03  9.61E-03 -1.96E-02 -1.05E-02  1.41E-02 -1.03E-03 -2.64E-02  2.16E-01 -4.05E-02  3.18E-01
 
 TH13
+       -3.43E-01 -4.97E-02 -7.08E-02  1.22E-01  9.96E-02  1.54E-02  1.25E-02 -1.68E-02 -1.96E-01 -5.69E-02  1.18E-01  4.94E-03
          6.98E-02
 
 TH14
+        2.77E-01  6.94E-01  4.98E-01 -1.97E-01 -4.84E-01 -4.50E-01  1.22E-01  1.22E-01  3.60E-01 -2.44E-03 -2.75E-01  2.63E-02
         -4.67E-02  1.41E-01
 
 TH15
+       -4.02E-02  1.79E-01  2.56E-01 -1.41E-01 -2.98E-01  1.88E-01 -5.87E-01 -1.22E-01  2.55E-02 -7.37E-02 -1.19E-01 -2.03E-02
          1.12E-03  4.60E-02  2.07E-02
 
 TH16
+        1.62E-01  7.20E-01  8.97E-01 -3.99E-01 -7.86E-01 -2.73E-01  5.62E-02  1.32E-01  9.53E-02 -4.75E-02 -4.30E-01 -5.19E-03
         -7.42E-02  6.30E-01  1.66E-01  1.67E-01
 
 OM11
+        2.57E-01  1.53E-01  7.22E-02 -1.52E-01 -8.55E-02 -1.33E-01  4.45E-02  8.22E-02  9.85E-02  9.75E-02  3.67E-02  2.22E-02
         -1.31E-01  1.27E-01 -4.37E-02  7.69E-02  1.31E-02
 
 OM12
+       ......... ......... ......... ......... ......... ......... ......... ......... ......... ......... ......... .........
         ......... ......... ......... ......... ......... .........
 
 OM13
+       ......... ......... ......... ......... ......... ......... ......... ......... ......... ......... ......... .........
         ......... ......... ......... ......... ......... ......... .........
 
1

            TH 1      TH 2      TH 3      TH 4      TH 5      TH 6      TH 7      TH 8      TH 9      TH10      TH11      TH12  
             TH13      TH14      TH15      TH16      OM11      OM12      OM13      OM22      OM23      OM33      SG11      SG12  
            SG22  
 
 OM22
+        1.28E-01  4.83E-02 -1.62E-01  3.30E-02  1.14E-01 -4.04E-01  3.77E-01  2.74E-01  8.38E-02  3.06E-03  5.82E-02  6.51E-02
          3.75E-02  2.09E-01 -4.99E-01 -5.77E-02  1.91E-01 ......... .........  7.46E-02
 
 OM23
+       ......... ......... ......... ......... ......... ......... ......... ......... ......... ......... ......... .........
         ......... ......... ......... ......... ......... ......... ......... ......... .........
 
 OM33
+        4.23E-02 -1.91E-01 -2.41E-01  7.61E-02  2.39E-01 -3.58E-01  3.00E-01  4.14E-01  3.87E-02  1.62E-02  1.21E-01  2.27E-02
          4.05E-03 -1.38E-01 -3.83E-01 -2.45E-01  1.45E-01 ......... .........  5.13E-01 .........  1.05E-01
 
 SG11
+       -8.56E-03 -7.92E-02 -1.01E-01 -1.68E-02  1.05E-01  2.98E-01 -1.48E-01 -1.53E-01  2.46E-02 -4.06E-02  5.05E-02  2.54E-02
          4.05E-02 -1.30E-01  1.60E-01 -1.72E-01 -5.07E-02 ......... ......... -8.92E-02 ......... -9.15E-02  4.50E-03
 
 SG12
+       ......... ......... ......... ......... ......... ......... ......... ......... ......... ......... ......... .........
         ......... ......... ......... ......... ......... ......... ......... ......... ......... ......... ......... .........
 
 SG22
+        6.84E-02  8.70E-02  7.88E-02 -2.59E-02 -1.51E-01 -2.73E-01 -2.51E-01 -3.60E-02 -8.80E-02  2.33E-02 -5.95E-02  9.19E-03
         -2.77E-02  6.81E-02  4.56E-02  6.70E-02  1.17E-01 ......... .........  8.20E-02 ......... -2.61E-02 -1.57E-01 .........
         1.02E+00
 
1
 ************************************************************************************************************************
 ********************                                                                                ********************
 ********************               FIRST ORDER CONDITIONAL ESTIMATION WITH INTERACTION              ********************
 ********************                      INVERSE COVARIANCE MATRIX OF ESTIMATE                     ********************
 ********************                                                                                ********************
 ************************************************************************************************************************
 

            TH 1      TH 2      TH 3      TH 4      TH 5      TH 6      TH 7      TH 8      TH 9      TH10      TH11      TH12  
             TH13      TH14      TH15      TH16      OM11      OM12      OM13      OM22      OM23      OM33      SG11      SG12  
            SG22  
 
 TH 1
+        9.83E-02
 
 TH 2
+       -1.04E-03  6.53E-05
 
 TH 3
+        5.18E+00 -2.70E-01  7.38E+03
 
 TH 4
+        4.17E-01 -2.12E-02 -7.34E+01  2.03E+02
 
 TH 5
+       -4.36E-01  1.08E-01  1.41E+03 -2.84E+02  1.44E+03
 
 TH 6
+       -2.18E-02  2.00E-04 -2.24E+00  2.13E-01  8.02E-01  9.24E-02
 
 TH 7
+        3.30E-04 -1.28E-05 -4.08E-02  1.71E-02 -4.96E-02  6.10E-04  7.93E-05
 
 TH 8
+       -2.54E-01  3.30E-02 -2.73E+02 -4.52E+01  1.40E+02  3.24E-01 -3.19E-02  2.76E+03
 
 TH 9
+       -4.87E+00  4.18E-02 -3.56E+02 -8.25E+01  4.40E+01  1.24E+00 -1.49E-02  2.08E+01  6.65E+02
 
 TH10
+       -4.11E+00  6.16E-02 -6.14E+01 -9.87E+01  1.97E+02  9.82E-01 -1.42E-02  6.36E+01  2.27E+02  9.61E+02
 
 TH11
+        9.21E-02 -2.17E-02 -2.48E+02  1.54E+02 -5.35E+02  1.77E-01  6.96E-03 -4.79E+01 -4.37E-01  4.59E+01  6.69E+02
 
 TH12
+        8.75E-02 -2.62E-03  1.10E+01  1.22E+00 -2.67E+00 -2.90E-02  2.32E-04  5.36E-01 -1.16E+00 -2.32E+01  6.24E-01  1.06E+01
 
 TH13
+        1.51E+00 -2.05E-02  3.32E+01 -2.67E+01  4.43E-01 -3.46E-01  2.97E-03  5.58E+00 -2.61E+00 -4.43E+01 -3.99E+01  1.27E+00
          2.53E+02
 
 TH14
+        8.26E-01 -6.05E-02  4.11E+02  2.15E+01 -4.96E+01  9.35E-01  1.25E-02 -3.99E+01 -1.18E+02 -5.63E+01  1.24E+01  1.33E+00
          4.16E+00  1.89E+02
 
 TH15
+        2.63E+00 -3.81E-02  1.59E+02  1.38E+00  3.51E+02  2.80E+00  3.19E-01 -2.63E+02 -1.61E+02  7.98E+01 -1.53E+02 -2.83E+00
         -6.55E+00  1.27E+01  5.06E+03
 
 TH16
+       -9.35E-01  5.06E-02 -1.14E+03 -9.73E+00 -3.10E+00  1.06E+00 -1.86E-03  1.04E+01  1.06E+02  5.75E+01 -5.98E-02 -1.48E+00
          4.34E-01 -1.19E+02  5.11E+01  3.19E+02
 
 OM11
+       -3.06E+00 -4.54E-02 -9.10E+01  1.43E+02 -1.96E+02  1.40E-02  3.37E-03  7.64E+00  3.93E+01 -2.22E+02 -1.51E+02  2.95E+00
          8.59E+01  1.13E+01 -3.17E+02 -2.30E+01  6.92E+03
 
 OM12
+       ......... ......... ......... ......... ......... ......... ......... ......... ......... ......... ......... .........
         ......... ......... ......... ......... ......... .........
 
 OM13
+       ......... ......... ......... ......... ......... ......... ......... ......... ......... ......... ......... .........
         ......... ......... ......... ......... ......... ......... .........
 
1

            TH 1      TH 2      TH 3      TH 4      TH 5      TH 6      TH 7      TH 8      TH 9      TH10      TH11      TH12  
             TH13      TH14      TH15      TH16      OM11      OM12      OM13      OM22      OM23      OM33      SG11      SG12  
            SG22  
 
 OM22
+       -2.89E-01 -1.56E-02  4.06E+02 -2.00E+00  7.65E+01  5.12E-01 -1.03E-02 -8.44E+01  2.49E+01  5.09E+01 -7.54E+00 -3.38E+00
         -2.40E+01 -3.47E+01  4.18E+02 -3.30E+01 -1.58E+02 ......... .........  3.80E+02
 
 OM23
+       ......... ......... ......... ......... ......... ......... ......... ......... ......... ......... ......... .........
         ......... ......... ......... ......... ......... ......... ......... ......... .........
 
 OM33
+       -4.97E-01  1.15E-02 -1.75E+02  1.44E+01 -2.09E+01  1.58E+00  3.37E-03 -2.39E+02  4.59E+00  1.65E+01  1.85E+01 -8.94E-01
         -8.86E+00  3.08E+01  1.01E+02  5.17E+01 -8.98E+01 ......... ......... -8.69E+01 .........  1.96E+02
 
 SG11
+        5.18E-01 -8.42E-02 -2.13E+03  4.06E+02 -1.34E+03 -1.22E+01  1.07E-01  1.04E+03 -3.14E+02  2.80E+01  4.78E+02 -2.44E+01
         -1.24E+02 -4.96E+01 -2.21E+03  4.33E+02  4.82E+02 ......... ......... -4.71E+02 ......... -2.35E+00  5.93E+04
 
 SG12
+       ......... ......... ......... ......... ......... ......... ......... ......... ......... ......... ......... .........
         ......... ......... ......... ......... ......... ......... ......... ......... ......... ......... ......... .........
 
 SG22
+       -5.76E-02  9.05E-04 -4.32E+00 -1.55E+00  7.58E+00  1.45E-01  3.42E-03  4.18E+00  6.07E+00  3.50E+00 -2.18E+00 -6.67E-02
         -2.50E-01  3.29E-01  1.06E+01  2.92E+00 -8.25E+00 ......... ......... -1.91E+00 .........  2.57E+00  2.18E+01 .........
         1.42E+00
 
1
 
 
 
 
 
 
 
 
 
 
 
 
 
 
 
 
 
 
 
 
 ************************************************************************************************************************
 ********************                                                                                ********************
 ********************               FIRST ORDER CONDITIONAL ESTIMATION WITH INTERACTION              ********************
 ********************                      EIGENVALUES OF COR MATRIX OF ESTIMATE                     ********************
 ********************                                                                                ********************
 ************************************************************************************************************************
 

             1         2         3         4         5         6         7         8         9        10        11        12
             13        14        15        16        17        18        19        20        21
 
         3.90E-02  6.06E-02  1.81E-01  2.20E-01  2.66E-01  3.09E-01  3.68E-01  4.90E-01  5.20E-01  6.09E-01  6.44E-01  8.16E-01
          8.45E-01  1.01E+00  1.04E+00  1.20E+00  1.26E+00  1.36E+00  1.83E+00  3.02E+00  4.91E+00
 
1THERE ARE ERROR MESSAGES IN FILE PRDERR                                                                  
 #CPUT: Total CPU Time in Seconds,      837.920
Stop Time:
Thu Nov 17 04:00:39 EST 2016
